-------------------------------------------------------------------------------
Test set: Login Functionality
-------------------------------------------------------------------------------
Tests run: 1, Failures: 0, Errors: 1, Skipped: 0, Time elapsed: 0.128 s <<< FAILURE! - in Login Functionality
Login Successfully(Login Functionality)  Time elapsed: 0.128 s  <<< ERROR!
io.cucumber.java.PendingException: TODO: implement me

