<?xml version="1.0" encoding="UTF-8"?>
<testsuite xmlns:xsi="http://www.w3.org/2001/XMLSchema-instance" xsi:noNamespaceSchemaLocation="https://maven.apache.org/surefire/maven-surefire-plugin/xsd/surefire-test-report.xsd" name="RunCukesTest" time="0.002" tests="1" errors="1" skipped="0" failures="0">
  <properties>
[...]
</properties>
  <testcase name="initializationError" classname="RunCukesTest" time="0.002">
    <error message="Receiver class io.cucumber.junit.JUnitCucumberOptionsProvider$JunitCucumberOptions does not define or inherit an implementation of the resolved method &apos;abstract java.lang.String[] tags()&apos; of interface io.cucumber.core.options.CucumberOptionsAnnotationParser$CucumberOptions." type="java.lang.AbstractMethodError">java.lang.AbstractMethodError: Receiver class io.cucumber.junit.JUnitCucumberOptionsProvider$JunitCucumberOptions does not define or inherit an implementation of the resolved method 'abstract java.lang.String[] tags()' of interface io.cucumber.core.options.CucumberOptionsAnnotationParser$CucumberOptions.
</error>
  </testcase>
</testsuite>